<?xml version="1.0" encoding="UTF-8"?>
<!-- Generated by org.testng.reporters.JUnitReportReporter -->
<testsuite hostname="M262LTRV" failures="0" tests="1" name="com.selenium.testmethods.InitialMethods" time="0.039" errors="0" timestamp="2023-11-03T06:55:48 IST" skipped="0">
  <testcase classname="com.selenium.testmethods.InitialMethods" name="SearchOperations" time="0.039"/>
  <system-out/>
</testsuite> <!-- com.selenium.testmethods.InitialMethods -->
