<?xml version="1.0" encoding="UTF-8"?>
<!-- Generated by org.testng.reporters.JUnitReportReporter -->
<testsuite hostname="M262LTRV" failures="0" tests="3" name="com.java.streams.LearnStreams" time="0.007" errors="0" timestamp="2024-01-19T11:39:28 IST" skipped="2">
  <testcase classname="com.java.streams.LearnStreams" name="exploringStreams" time="0.007"/>
  <system-out/>
  <testcase classname="com.java.streams.LearnStreams" name="usingStreams">
    <skipped/>
  </testcase> <!-- usingStreams -->
  <system-out/>
  <testcase classname="com.java.streams.LearnStreams" name="withoutStreams">
    <skipped/>
  </testcase> <!-- withoutStreams -->
  <system-out/>
</testsuite> <!-- com.java.streams.LearnStreams -->
