<?xml version="1.0" encoding="UTF-8"?>
<!-- Generated by org.testng.reporters.JUnitReportReporter -->
<testsuite hostname="M262LTRV" failures="0" tests="2" name="com.tests.yaml.YamlDemoTest" time="0.007" errors="0" timestamp="2023-10-28T13:16:21 IST" skipped="0">
  <testcase classname="com.tests.yaml.YamlDemoTest" name="TestTwo" time="0.001"/>
  <system-out/>
  <testcase classname="com.tests.yaml.YamlDemoTest" name="TestOne" time="0.006"/>
  <system-out/>
</testsuite> <!-- com.tests.yaml.YamlDemoTest -->
