<?xml version="1.0" encoding="UTF-8"?>
<!-- Generated by org.testng.reporters.JUnitReportReporter -->
<testsuite hostname="M262LTRV" failures="0" tests="2" name="com.testng.dataproviders.LoginTest" time="11.299" errors="0" timestamp="2024-02-21T11:37:19 IST" skipped="0">
  <testcase classname="com.testng.dataproviders.LoginTest" name="logintest" time="10.329"/>
  <system-out/>
  <testcase classname="com.testng.dataproviders.LoginTest" name="logintest" time="0.970"/>
  <system-out/>
</testsuite> <!-- com.testng.dataproviders.LoginTest -->
