<?xml version="1.0" encoding="UTF-8"?>
<!-- Generated by org.testng.reporters.JUnitReportReporter -->
<testsuite hostname="M262LTRV" failures="0" tests="1" name="com.java.streams.CollectStreams" time="0.009" errors="0" timestamp="2024-01-23T22:31:00 IST" skipped="0">
  <testcase classname="com.java.streams.CollectStreams" name="collector" time="0.009"/>
  <system-out/>
</testsuite> <!-- com.java.streams.CollectStreams -->
