<?xml version="1.0" encoding="UTF-8"?>
<!-- Generated by org.testng.reporters.JUnitReportReporter -->
<testsuite hostname="M262LTRV" failures="0" tests="1" name="com.iframeshandle.MultipleIFrameHandle" time="22.231" errors="0" timestamp="2023-11-14T17:08:10 IST" skipped="0">
  <testcase classname="com.iframeshandle.MultipleIFrameHandle" name="test" time="22.231"/>
  <system-out/>
</testsuite> <!-- com.iframeshandle.MultipleIFrameHandle -->
