<?xml version="1.0" encoding="UTF-8"?>
<!-- Generated by org.testng.reporters.JUnitReportReporter -->
<testsuite hostname="M262LTRV" failures="0" tests="1" name="com.java.streams.MergeListUsingStreams" time="0.014" errors="0" timestamp="2024-01-19T14:35:28 IST" skipped="0">
  <testcase classname="com.java.streams.MergeListUsingStreams" name="mergeDifferentList" time="0.014"/>
  <system-out/>
</testsuite> <!-- com.java.streams.MergeListUsingStreams -->
