<?xml version="1.0" encoding="UTF-8"?>
<!-- Generated by org.testng.reporters.JUnitReportReporter -->
<testsuite hostname="M262LTRV" failures="0" tests="1" name="rahulShetty.SortingTablesUsingStream" time="5.009" errors="0" timestamp="2024-01-19T15:48:32 IST" skipped="0">
  <testcase classname="rahulShetty.SortingTablesUsingStream" name="table" time="5.009"/>
  <system-out/>
</testsuite> <!-- rahulShetty.SortingTablesUsingStream -->
