<?xml version="1.0" encoding="UTF-8"?>
<!-- Generated by org.testng.reporters.JUnitReportReporter -->
<testsuite hostname="M262LTRV" failures="0" tests="2" name="com.testng.runmultiplexmlfile.RegressionTest" time="0.000" errors="0" timestamp="2023-10-28T12:22:00 IST" skipped="0">
  <testcase classname="com.testng.runmultiplexmlfile.RegressionTest" name="testFive" time="0.000"/>
  <system-out/>
  <testcase classname="com.testng.runmultiplexmlfile.RegressionTest" name="testSix" time="0.000"/>
  <system-out/>
</testsuite> <!-- com.testng.runmultiplexmlfile.RegressionTest -->
