<?xml version="1.0" encoding="UTF-8"?>
<!-- Generated by org.testng.reporters.JUnitReportReporter -->
<testsuite hostname="M262LTRV" failures="0" tests="1" name="com.TestNGLearning.InvocationCount" time="0.000" errors="0" timestamp="2023-10-26T21:35:52 IST" skipped="0">
  <testcase classname="com.TestNGLearning.InvocationCount" name="TestOne" time="0.000"/>
  <system-out/>
</testsuite> <!-- com.TestNGLearning.InvocationCount -->
