<?xml version="1.0" encoding="UTF-8"?>
<!-- Generated by org.testng.reporters.JUnitReportReporter -->
<testsuite hostname="M262LTRV" failures="0" tests="1" name="com.testng.assertions.HardAssertions" time="6.190" errors="0" timestamp="2024-01-02T10:50:56 IST" skipped="0">
  <testcase classname="com.testng.assertions.HardAssertions" name="titleAndLoginButtonDisplay" time="6.190"/>
  <system-out/>
</testsuite> <!-- com.testng.assertions.HardAssertions -->
