<?xml version="1.0" encoding="UTF-8"?>
<!-- Generated by org.testng.reporters.JUnitReportReporter -->
<testsuite hostname="M262LTRV" failures="0" tests="2" name="com.TestNGLearning.DisableTestCase" time="0.013" errors="0" timestamp="2024-01-16T15:20:38 IST" skipped="0">
  <testcase classname="com.TestNGLearning.DisableTestCase" name="TestTwo" time="0.012"/>
  <system-out/>
  <testcase classname="com.TestNGLearning.DisableTestCase" name="TestTwo" time="0.001"/>
  <system-out/>
</testsuite> <!-- com.TestNGLearning.DisableTestCase -->
