<?xml version="1.0" encoding="UTF-8"?>
<!-- Generated by org.testng.reporters.JUnitReportReporter -->
<testsuite hostname="M262LTRV" failures="0" tests="1" name="com.java.streams.MapStreams" time="0.007" errors="0" timestamp="2024-01-19T12:32:52 IST" skipped="0">
  <testcase classname="com.java.streams.MapStreams" name="map" time="0.007"/>
  <system-out/>
</testsuite> <!-- com.java.streams.MapStreams -->
