<?xml version="1.0" encoding="UTF-8"?>
<!-- Generated by org.testng.reporters.JUnitReportReporter -->
<testsuite hostname="M262LTRV" failures="0" tests="1" name="com.selenium.screenshot.Screenshot" time="0.328" errors="0" timestamp="2024-01-17T15:09:20 IST" skipped="0">
  <testcase classname="com.selenium.screenshot.Screenshot" name="printScreen" time="0.328"/>
  <system-out/>
</testsuite> <!-- com.selenium.screenshot.Screenshot -->
