<?xml version="1.0" encoding="UTF-8"?>
<!-- Generated by org.testng.reporters.JUnitReportReporter -->
<testsuite hostname="M262LTRV" failures="0" tests="2" name="com.testng.runmultiplexmlfile.SanityTest" time="0.002" errors="0" timestamp="2023-10-28T12:22:00 IST" skipped="0">
  <testcase classname="com.testng.runmultiplexmlfile.SanityTest" name="testThree" time="0.001"/>
  <system-out/>
  <testcase classname="com.testng.runmultiplexmlfile.SanityTest" name="testFour" time="0.001"/>
  <system-out/>
</testsuite> <!-- com.testng.runmultiplexmlfile.SanityTest -->
