<?xml version="1.0" encoding="UTF-8"?>
<!-- Generated by org.testng.reporters.JUnitReportReporter -->
<testsuite hostname="M262LTRV" failures="0" tests="2" name="com.testng.dryrun.DryRunDemo" time="0.005" errors="0" timestamp="2024-01-16T15:05:34 IST" skipped="0">
  <testcase classname="com.testng.dryrun.DryRunDemo" name="testOne" time="0.004"/>
  <system-out/>
  <testcase classname="com.testng.dryrun.DryRunDemo" name="testTwo" time="0.001"/>
  <system-out/>
</testsuite> <!-- com.testng.dryrun.DryRunDemo -->
