<?xml version="1.0" encoding="UTF-8"?>
<!-- Generated by org.testng.reporters.JUnitReportReporter -->
<testsuite hostname="M262LTRV" failures="0" tests="1" name="com.java.streams.SortandNoDuplicateNumber" time="0.008" errors="0" timestamp="2024-01-19T15:13:45 IST" skipped="0">
  <testcase classname="com.java.streams.SortandNoDuplicateNumber" name="sortAndDistinct" time="0.008"/>
  <system-out/>
</testsuite> <!-- com.java.streams.SortandNoDuplicateNumber -->
