<?xml version="1.0" encoding="UTF-8"?>
<!-- Generated by org.testng.reporters.JUnitReportReporter -->
<testsuite hostname="M262LTRV" failures="0" tests="3" name="com.testng.ignore.IgnoreTest1" time="0.006" errors="0" timestamp="2023-10-28T11:43:21 IST" skipped="2">
  <testcase classname="com.testng.ignore.IgnoreTest1" name="test2" time="0.006"/>
  <system-out/>
  <testcase classname="com.testng.ignore.IgnoreTest1" name="test1">
    <skipped/>
  </testcase> <!-- test1 -->
  <system-out/>
  <testcase classname="com.testng.ignore.IgnoreTest1" name="test3">
    <skipped/>
  </testcase> <!-- test3 -->
  <system-out/>
</testsuite> <!-- com.testng.ignore.IgnoreTest1 -->
