<?xml version="1.0" encoding="UTF-8"?>
<!-- Generated by org.testng.reporters.JUnitReportReporter -->
<testsuite hostname="M262LTRV" failures="0" tests="2" name="com.testng.parameters.ParametersAnnotationDemo" time="0.009" errors="0" timestamp="2023-11-02T14:34:25 IST" skipped="0">
  <testcase classname="com.testng.parameters.ParametersAnnotationDemo" name="parametersAnnotation" time="0.001"/>
  <system-out/>
  <testcase classname="com.testng.parameters.ParametersAnnotationDemo" name="parametersAnnotation" time="0.008"/>
  <system-out/>
</testsuite> <!-- com.testng.parameters.ParametersAnnotationDemo -->
