<?xml version="1.0" encoding="UTF-8"?>
<!-- Generated by org.testng.reporters.JUnitReportReporter -->
<testsuite hostname="M262LTRV" failures="0" tests="1" name="com.selenium.browseractions.InteractionsOfWebElements" time="9.594" errors="0" timestamp="2024-01-02T10:48:13 IST" skipped="0">
  <testcase classname="com.selenium.browseractions.InteractionsOfWebElements" name="test" time="9.594"/>
  <system-out/>
</testsuite> <!-- com.selenium.browseractions.InteractionsOfWebElements -->
