<?xml version="1.0" encoding="UTF-8"?>
<!-- Generated by org.testng.reporters.JUnitReportReporter -->
<testsuite hostname="M262LTRV" failures="0" tests="3" name="com.testng.dataproviders.DemoLogin" time="14.143" errors="0" timestamp="2023-10-28T10:32:15 IST" skipped="0">
  <testcase classname="com.testng.dataproviders.DemoLogin" name="logintest" time="7.196"/>
  <system-out/>
  <testcase classname="com.testng.dataproviders.DemoLogin" name="logintest" time="3.431"/>
  <system-out/>
  <testcase classname="com.testng.dataproviders.DemoLogin" name="logintest" time="3.516"/>
  <system-out/>
</testsuite> <!-- com.testng.dataproviders.DemoLogin -->
