<?xml version="1.0" encoding="UTF-8"?>
<!-- Generated by org.testng.reporters.JUnitReportReporter -->
<testsuite hostname="M262LTRV" failures="0" tests="2" name="com.TestNGLearning.RunOnlyFailedTests" time="9.605" errors="0" timestamp="2023-10-27T21:12:12 IST" skipped="0">
  <testcase classname="com.TestNGLearning.RunOnlyFailedTests" name="LoginButtonDisplay" time="4.086"/>
  <system-out/>
  <testcase classname="com.TestNGLearning.RunOnlyFailedTests" name="titleDisplay" time="5.519"/>
  <system-out/>
</testsuite> <!-- com.TestNGLearning.RunOnlyFailedTests -->
